Removed Pin From Net: NetName=A3 Pin=STM1-7
Removed Pin From Net: NetName=A4 Pin=STM1-8
Removed Pin From Net: NetName=A5 Pin=STM1-9
Removed Pin From Net: NetName=A6 Pin=STM1-10
Removed Pin From Net: NetName=A7 Pin=STM1-11
Removed Pin From Net: NetName=5v Pin=STM1-12
Removed Pin From Net: NetName=RST Pin=STM1-13
Removed Pin From Net: NetName=GND Pin=STM1-14
Removed Pin From Net: NetName=5v Pin=STM1-15
Removed Pin From Net: NetName=B0 Pin=STM1-16
Removed Pin From Net: NetName=B1 Pin=STM1-17
Removed Pin From Net: NetName=B9 Pin=STM1-21
Removed Pin From Net: NetName=B8 Pin=STM1-22
Removed Pin From Net: NetName=B7 Pin=STM1-23
Removed Pin From Net: NetName=B6 Pin=STM1-24
Removed Pin From Net: NetName=B5 Pin=STM1-25
Removed Pin From Net: NetName=B4 Pin=STM1-26
Removed Pin From Net: NetName=B3 Pin=STM1-27
Removed Pin From Net: NetName=A15 Pin=STM1-28
Removed Pin From Net: NetName=A12 Pin=STM1-29
Removed Pin From Net: NetName=A11 Pin=STM1-30
Removed Pin From Net: NetName=A8 Pin=STM1-31
Removed Pin From Net: NetName=GND Pin=STM1-32
Removed Pin From Net: NetName=RST Pin=STM1-33
Removed Pin From Net: NetName=A10 Pin=STM1-34
Removed Pin From Net: NetName=A9 Pin=STM1-35
Removed Pin From Net: NetName=B15 Pin=STM1-36
Removed Pin From Net: NetName=B14 Pin=STM1-37
Removed Pin From Net: NetName=B13 Pin=STM1-38
Removed Pin From Net: NetName=B12 Pin=STM1-39
Removed Member From Class: ClassName=Sheet1 Member=STM1
Added Component: Designator=U?(STM32F103CT6)
Add component. Clean all parameters for all variants
Added Pin To Net: NetName=C13 Pin=U?-1
Added Pin To Net: NetName=A0 Pin=U?-4
Added Pin To Net: NetName=A1 Pin=U?-5
Added Pin To Net: NetName=A2 Pin=U?-6
Added Pin To Net: NetName=A3 Pin=U?-7
Added Pin To Net: NetName=A4 Pin=U?-8
Added Pin To Net: NetName=A5 Pin=U?-9
Added Pin To Net: NetName=A6 Pin=U?-10
Added Pin To Net: NetName=A7 Pin=U?-11
Added Pin To Net: NetName=5v Pin=U?-12
Added Pin To Net: NetName=RST Pin=U?-13
Added Pin To Net: NetName=GND Pin=U?-14
Added Pin To Net: NetName=5v Pin=U?-15
Added Pin To Net: NetName=B0 Pin=U?-16
Added Pin To Net: NetName=B1 Pin=U?-17
Added Pin To Net: NetName=B10 Pin=U?-18
Added Pin To Net: NetName=B11 Pin=U?-19
Added Pin To Net: NetName=GND Pin=U?-20
Added Pin To Net: NetName=B9 Pin=U?-21
Added Pin To Net: NetName=B8 Pin=U?-22
Added Pin To Net: NetName=B7 Pin=U?-23
Added Pin To Net: NetName=B6 Pin=U?-24
Added Pin To Net: NetName=B5 Pin=U?-25
Added Pin To Net: NetName=B4 Pin=U?-26
Added Pin To Net: NetName=B3 Pin=U?-27
Added Pin To Net: NetName=A15 Pin=U?-28
Added Pin To Net: NetName=A12 Pin=U?-29
Added Pin To Net: NetName=A11 Pin=U?-30
Added Pin To Net: NetName=A8 Pin=U?-31
Added Pin To Net: NetName=GND Pin=U?-32
Added Pin To Net: NetName=RST Pin=U?-33
Added Pin To Net: NetName=A10 Pin=U?-34
Added Pin To Net: NetName=A9 Pin=U?-35
Added Pin To Net: NetName=B15 Pin=U?-36
Added Pin To Net: NetName=B14 Pin=U?-37
Added Pin To Net: NetName=B13 Pin=U?-38
Added Pin To Net: NetName=B12 Pin=U?-39
Added Member To Class: ClassName=Sheet1 Member=Component U? STM32F103CT8
