Removed Pin From Net: NetName=B8 Pin=IC1-1
Removed Pin From Net: NetName=B8 Pin=IC1-1
Removed Pin From Net: NetName=B7 Pin=IC1-2
Removed Pin From Net: NetName=VCC Pin=IC1-3
Removed Pin From Net: NetName=VCC Pin=IC1-4
Removed Pin From Net: NetName=VCC Pin=IC1-5
Removed Pin From Net: NetName=B6 Pin=IC1-6
Removed Pin From Net: NetName=B9 Pin=IC1-7
Removed Pin From Net: NetName=GND Pin=IC1-8
Removed Pin From Net: NetName=VCC Pin=IC1-16
Removed Member From Class: ClassName=Sheet1 Member=IC1
Added Component: Designator=IC??(ic74ls47)
Add component. Clean all parameters for all variants
Add component (AddParameter): Name = "Value"; Value = "7447 , 74247"; VariantName = "[No Variations]"
Added Pin To Net: NetName=B8 Pin=IC??-1
Added Pin To Net: NetName=B7 Pin=IC??-2
Added Pin To Net: NetName=VCC Pin=IC??-3
Added Pin To Net: NetName=VCC Pin=IC??-4
Added Pin To Net: NetName=VCC Pin=IC??-5
Added Pin To Net: NetName=B6 Pin=IC??-6
Added Pin To Net: NetName=B9 Pin=IC??-7
Added Pin To Net: NetName=GND Pin=IC??-8
Added Pin To Net: NetName=VCC Pin=IC??-16
Added Pin To Net: NetName=NetIC??_9 Pin=IC??-9
Added Pin To Net: NetName=NetIC??_9 Pin=R9-2
Added Net: Name=NetIC??_9
Added Pin To Net: NetName=NetIC??_10 Pin=IC??-10
Added Pin To Net: NetName=NetIC??_10 Pin=R7-2
Added Net: Name=NetIC??_10
Added Pin To Net: NetName=NetIC??_11 Pin=IC??-11
Added Pin To Net: NetName=NetIC??_11 Pin=R5-2
Added Net: Name=NetIC??_11
Added Pin To Net: NetName=NetIC??_12 Pin=IC??-12
Added Pin To Net: NetName=NetIC??_12 Pin=R3-2
Added Net: Name=NetIC??_12
Added Pin To Net: NetName=NetIC??_13 Pin=IC??-13
Added Pin To Net: NetName=NetIC??_13 Pin=R1-2
Added Net: Name=NetIC??_13
Added Pin To Net: NetName=NetIC??_14 Pin=IC??-14
Added Pin To Net: NetName=NetIC??_14 Pin=R14-2
Added Net: Name=NetIC??_14
Added Pin To Net: NetName=NetIC??_15 Pin=IC??-15
Added Pin To Net: NetName=NetIC??_15 Pin=R12-2
Added Net: Name=NetIC??_15
Added Member To Class: ClassName=Sheet1 Member=Component IC?? 7447
