Removed Pin From Net: NetName=A11 Pin=IC2-1
Removed Pin From Net: NetName=A11 Pin=IC2-1
Removed Pin From Net: NetName=A8 Pin=IC2-2
Removed Pin From Net: NetName=VCC Pin=IC2-3
Removed Pin From Net: NetName=VCC Pin=IC2-4
Removed Pin From Net: NetName=VCC Pin=IC2-5
Removed Pin From Net: NetName=A10 Pin=IC2-6
Removed Pin From Net: NetName=A12 Pin=IC2-7
Removed Pin From Net: NetName=GND Pin=IC2-8
Removed Pin From Net: NetName=NetIC2_9 Pin=IC2-9
Removed Pin From Net: NetName=NetIC2_10 Pin=IC2-10
Removed Pin From Net: NetName=NetIC2_11 Pin=IC2-11
Removed Pin From Net: NetName=NetIC2_12 Pin=IC2-12
Removed Pin From Net: NetName=NetIC2_13 Pin=IC2-13
Removed Pin From Net: NetName=NetIC2_14 Pin=IC2-14
Removed Pin From Net: NetName=NetIC2_15 Pin=IC2-15
Removed Pin From Net: NetName=VCC Pin=IC2-16
Removed Pin From Net: NetName=B4 Pin=IC3-1
Removed Pin From Net: NetName=B4 Pin=IC3-1
Removed Pin From Net: NetName=B3 Pin=IC3-2
Removed Pin From Net: NetName=VCC Pin=IC3-3
Removed Pin From Net: NetName=VCC Pin=IC3-4
Removed Pin From Net: NetName=VCC Pin=IC3-5
Removed Pin From Net: NetName=A15 Pin=IC3-6
Removed Pin From Net: NetName=B5 Pin=IC3-7
Removed Pin From Net: NetName=GND Pin=IC3-8
Removed Pin From Net: NetName=NetIC3_9 Pin=IC3-9
Removed Pin From Net: NetName=NetIC3_10 Pin=IC3-10
Removed Pin From Net: NetName=NetIC3_11 Pin=IC3-11
Removed Pin From Net: NetName=NetIC3_12 Pin=IC3-12
Removed Pin From Net: NetName=NetIC3_13 Pin=IC3-13
Removed Pin From Net: NetName=NetIC3_14 Pin=IC3-14
Removed Pin From Net: NetName=NetIC3_15 Pin=IC3-15
Removed Pin From Net: NetName=VCC Pin=IC3-16
Removed Pin From Net: NetName=B15 Pin=IC4-1
Removed Pin From Net: NetName=B15 Pin=IC4-1
Removed Pin From Net: NetName=B14 Pin=IC4-2
Removed Pin From Net: NetName=VCC Pin=IC4-3
Removed Pin From Net: NetName=VCC Pin=IC4-4
Removed Pin From Net: NetName=VCC Pin=IC4-5
Removed Pin From Net: NetName=B13 Pin=IC4-6
Removed Pin From Net: NetName=A9 Pin=IC4-7
Removed Pin From Net: NetName=GND Pin=IC4-8
Removed Pin From Net: NetName=NetIC4_9 Pin=IC4-9
Removed Pin From Net: NetName=NetIC4_10 Pin=IC4-10
Removed Pin From Net: NetName=NetIC4_11 Pin=IC4-11
Removed Pin From Net: NetName=NetIC4_12 Pin=IC4-12
Removed Pin From Net: NetName=NetIC4_13 Pin=IC4-13
Removed Pin From Net: NetName=NetIC4_14 Pin=IC4-14
Removed Pin From Net: NetName=NetIC4_15 Pin=IC4-15
Removed Pin From Net: NetName=VCC Pin=IC4-16
Removed Pin From Net: NetName=B8 Pin=IC5-1
Removed Pin From Net: NetName=B8 Pin=IC5-1
Removed Pin From Net: NetName=B7 Pin=IC5-2
Removed Pin From Net: NetName=VCC Pin=IC5-3
Removed Pin From Net: NetName=VCC Pin=IC5-4
Removed Pin From Net: NetName=VCC Pin=IC5-5
Removed Pin From Net: NetName=B6 Pin=IC5-6
Removed Pin From Net: NetName=B9 Pin=IC5-7
Removed Pin From Net: NetName=GND Pin=IC5-8
Removed Pin From Net: NetName=NetIC5_9 Pin=IC5-9
Removed Pin From Net: NetName=NetIC5_10 Pin=IC5-10
Removed Pin From Net: NetName=NetIC5_11 Pin=IC5-11
Removed Pin From Net: NetName=NetIC5_12 Pin=IC5-12
Removed Pin From Net: NetName=NetIC5_13 Pin=IC5-13
Removed Pin From Net: NetName=NetIC5_14 Pin=IC5-14
Removed Pin From Net: NetName=NetIC5_15 Pin=IC5-15
Removed Pin From Net: NetName=VCC Pin=IC5-16
Removed Pin From Net: NetName=A11 Pin=IC6-1
Removed Pin From Net: NetName=A11 Pin=IC6-1
Removed Pin From Net: NetName=A8 Pin=IC6-2
Removed Pin From Net: NetName=VCC Pin=IC6-3
Removed Pin From Net: NetName=VCC Pin=IC6-4
Removed Pin From Net: NetName=VCC Pin=IC6-5
Removed Pin From Net: NetName=A10 Pin=IC6-6
Removed Pin From Net: NetName=A12 Pin=IC6-7
Removed Pin From Net: NetName=GND Pin=IC6-8
Removed Pin From Net: NetName=NetIC6_9 Pin=IC6-9
Removed Pin From Net: NetName=NetIC6_10 Pin=IC6-10
Removed Pin From Net: NetName=NetIC6_11 Pin=IC6-11
Removed Pin From Net: NetName=NetIC6_12 Pin=IC6-12
Removed Pin From Net: NetName=NetIC6_13 Pin=IC6-13
Removed Pin From Net: NetName=NetIC6_14 Pin=IC6-14
Removed Pin From Net: NetName=NetIC6_15 Pin=IC6-15
Removed Pin From Net: NetName=VCC Pin=IC6-16
Removed Pin From Net: NetName=B4 Pin=IC7-1
Removed Pin From Net: NetName=B4 Pin=IC7-1
Removed Pin From Net: NetName=B3 Pin=IC7-2
Removed Pin From Net: NetName=VCC Pin=IC7-3
Removed Pin From Net: NetName=VCC Pin=IC7-4
Removed Pin From Net: NetName=VCC Pin=IC7-5
Removed Pin From Net: NetName=A15 Pin=IC7-6
Removed Pin From Net: NetName=B5 Pin=IC7-7
Removed Pin From Net: NetName=GND Pin=IC7-8
Removed Pin From Net: NetName=NetIC7_9 Pin=IC7-9
Removed Pin From Net: NetName=NetIC7_10 Pin=IC7-10
Removed Pin From Net: NetName=NetIC7_11 Pin=IC7-11
Removed Pin From Net: NetName=NetIC7_12 Pin=IC7-12
Removed Pin From Net: NetName=NetIC7_13 Pin=IC7-13
Removed Pin From Net: NetName=NetIC7_14 Pin=IC7-14
Removed Pin From Net: NetName=NetIC7_15 Pin=IC7-15
Removed Pin From Net: NetName=VCC Pin=IC7-16
Removed Pin From Net: NetName=B15 Pin=IC8-1
Removed Pin From Net: NetName=B15 Pin=IC8-1
Removed Pin From Net: NetName=B14 Pin=IC8-2
Removed Pin From Net: NetName=VCC Pin=IC8-3
Removed Pin From Net: NetName=VCC Pin=IC8-4
Removed Pin From Net: NetName=VCC Pin=IC8-5
Removed Pin From Net: NetName=B13 Pin=IC8-6
Removed Pin From Net: NetName=A9 Pin=IC8-7
Removed Pin From Net: NetName=GND Pin=IC8-8
Removed Pin From Net: NetName=NetIC8_9 Pin=IC8-9
Removed Pin From Net: NetName=NetIC8_10 Pin=IC8-10
Removed Pin From Net: NetName=NetIC8_11 Pin=IC8-11
Removed Pin From Net: NetName=NetIC8_12 Pin=IC8-12
Removed Pin From Net: NetName=NetIC8_13 Pin=IC8-13
Removed Pin From Net: NetName=NetIC8_14 Pin=IC8-14
Removed Pin From Net: NetName=NetIC8_15 Pin=IC8-15
Removed Pin From Net: NetName=VCC Pin=IC8-16
Change Component Designator: OldDesignator=U? NewDesignator=U1
Added Component: Designator=IC2(ic74ls47)
Add component. Clean all parameters for all variants
Add component (AddParameter): Name = "Value"; Value = "7447 , 74247"; VariantName = "[No Variations]"
Added Component: Designator=IC3(ic74ls47)
Add component. Clean all parameters for all variants
Add component (AddParameter): Name = "Value"; Value = "7447 , 74247"; VariantName = "[No Variations]"
Added Component: Designator=IC4(ic74ls47)
Add component. Clean all parameters for all variants
Add component (AddParameter): Name = "Value"; Value = "7447 , 74247"; VariantName = "[No Variations]"
Added Component: Designator=IC5(ic74ls47)
Add component. Clean all parameters for all variants
Add component (AddParameter): Name = "Value"; Value = "7447 , 74247"; VariantName = "[No Variations]"
Added Component: Designator=IC6(ic74ls47)
Add component. Clean all parameters for all variants
Add component (AddParameter): Name = "Value"; Value = "7447 , 74247"; VariantName = "[No Variations]"
Added Component: Designator=IC7(ic74ls47)
Add component. Clean all parameters for all variants
Add component (AddParameter): Name = "Value"; Value = "7447 , 74247"; VariantName = "[No Variations]"
Added Component: Designator=IC8(ic74ls47)
Add component. Clean all parameters for all variants
Add component (AddParameter): Name = "Value"; Value = "7447 , 74247"; VariantName = "[No Variations]"
Added Pin To Net: NetName=A11 Pin=IC2-1
Added Pin To Net: NetName=A8 Pin=IC2-2
Added Pin To Net: NetName=VCC Pin=IC2-3
Added Pin To Net: NetName=VCC Pin=IC2-4
Added Pin To Net: NetName=VCC Pin=IC2-5
Added Pin To Net: NetName=A10 Pin=IC2-6
Added Pin To Net: NetName=A12 Pin=IC2-7
Added Pin To Net: NetName=GND Pin=IC2-8
Added Pin To Net: NetName=NetIC2_9 Pin=IC2-9
Added Pin To Net: NetName=NetIC2_10 Pin=IC2-10
Added Pin To Net: NetName=NetIC2_11 Pin=IC2-11
Added Pin To Net: NetName=NetIC2_12 Pin=IC2-12
Added Pin To Net: NetName=NetIC2_13 Pin=IC2-13
Added Pin To Net: NetName=NetIC2_14 Pin=IC2-14
Added Pin To Net: NetName=NetIC2_15 Pin=IC2-15
Added Pin To Net: NetName=VCC Pin=IC2-16
Added Pin To Net: NetName=B4 Pin=IC3-1
Added Pin To Net: NetName=B3 Pin=IC3-2
Added Pin To Net: NetName=VCC Pin=IC3-3
Added Pin To Net: NetName=VCC Pin=IC3-4
Added Pin To Net: NetName=VCC Pin=IC3-5
Added Pin To Net: NetName=A15 Pin=IC3-6
Added Pin To Net: NetName=B5 Pin=IC3-7
Added Pin To Net: NetName=GND Pin=IC3-8
Added Pin To Net: NetName=NetIC3_9 Pin=IC3-9
Added Pin To Net: NetName=NetIC3_10 Pin=IC3-10
Added Pin To Net: NetName=NetIC3_11 Pin=IC3-11
Added Pin To Net: NetName=NetIC3_12 Pin=IC3-12
Added Pin To Net: NetName=NetIC3_13 Pin=IC3-13
Added Pin To Net: NetName=NetIC3_14 Pin=IC3-14
Added Pin To Net: NetName=NetIC3_15 Pin=IC3-15
Added Pin To Net: NetName=VCC Pin=IC3-16
Added Pin To Net: NetName=B15 Pin=IC4-1
Added Pin To Net: NetName=B14 Pin=IC4-2
Added Pin To Net: NetName=VCC Pin=IC4-3
Added Pin To Net: NetName=VCC Pin=IC4-4
Added Pin To Net: NetName=VCC Pin=IC4-5
Added Pin To Net: NetName=B13 Pin=IC4-6
Added Pin To Net: NetName=A9 Pin=IC4-7
Added Pin To Net: NetName=GND Pin=IC4-8
Added Pin To Net: NetName=NetIC4_9 Pin=IC4-9
Added Pin To Net: NetName=NetIC4_10 Pin=IC4-10
Added Pin To Net: NetName=NetIC4_11 Pin=IC4-11
Added Pin To Net: NetName=NetIC4_12 Pin=IC4-12
Added Pin To Net: NetName=NetIC4_13 Pin=IC4-13
Added Pin To Net: NetName=NetIC4_14 Pin=IC4-14
Added Pin To Net: NetName=NetIC4_15 Pin=IC4-15
Added Pin To Net: NetName=VCC Pin=IC4-16
Added Pin To Net: NetName=B8 Pin=IC5-1
Added Pin To Net: NetName=B7 Pin=IC5-2
Added Pin To Net: NetName=VCC Pin=IC5-3
Added Pin To Net: NetName=VCC Pin=IC5-4
Added Pin To Net: NetName=VCC Pin=IC5-5
Added Pin To Net: NetName=B6 Pin=IC5-6
Added Pin To Net: NetName=B9 Pin=IC5-7
Added Pin To Net: NetName=GND Pin=IC5-8
Added Pin To Net: NetName=NetIC5_9 Pin=IC5-9
Added Pin To Net: NetName=NetIC5_10 Pin=IC5-10
Added Pin To Net: NetName=NetIC5_11 Pin=IC5-11
Added Pin To Net: NetName=NetIC5_12 Pin=IC5-12
Added Pin To Net: NetName=NetIC5_13 Pin=IC5-13
Added Pin To Net: NetName=NetIC5_14 Pin=IC5-14
Added Pin To Net: NetName=NetIC5_15 Pin=IC5-15
Added Pin To Net: NetName=VCC Pin=IC5-16
Added Pin To Net: NetName=A11 Pin=IC6-1
Added Pin To Net: NetName=A8 Pin=IC6-2
Added Pin To Net: NetName=VCC Pin=IC6-3
Added Pin To Net: NetName=VCC Pin=IC6-4
Added Pin To Net: NetName=VCC Pin=IC6-5
Added Pin To Net: NetName=A10 Pin=IC6-6
Added Pin To Net: NetName=A12 Pin=IC6-7
Added Pin To Net: NetName=GND Pin=IC6-8
Added Pin To Net: NetName=NetIC6_9 Pin=IC6-9
Added Pin To Net: NetName=NetIC6_10 Pin=IC6-10
Added Pin To Net: NetName=NetIC6_11 Pin=IC6-11
Added Pin To Net: NetName=NetIC6_12 Pin=IC6-12
Added Pin To Net: NetName=NetIC6_13 Pin=IC6-13
Added Pin To Net: NetName=NetIC6_14 Pin=IC6-14
Added Pin To Net: NetName=NetIC6_15 Pin=IC6-15
Added Pin To Net: NetName=VCC Pin=IC6-16
Added Pin To Net: NetName=B4 Pin=IC7-1
Added Pin To Net: NetName=B3 Pin=IC7-2
Added Pin To Net: NetName=VCC Pin=IC7-3
Added Pin To Net: NetName=VCC Pin=IC7-4
Added Pin To Net: NetName=VCC Pin=IC7-5
Added Pin To Net: NetName=A15 Pin=IC7-6
Added Pin To Net: NetName=B5 Pin=IC7-7
Added Pin To Net: NetName=GND Pin=IC7-8
Added Pin To Net: NetName=NetIC7_9 Pin=IC7-9
Added Pin To Net: NetName=NetIC7_10 Pin=IC7-10
Added Pin To Net: NetName=NetIC7_11 Pin=IC7-11
Added Pin To Net: NetName=NetIC7_12 Pin=IC7-12
Added Pin To Net: NetName=NetIC7_13 Pin=IC7-13
Added Pin To Net: NetName=NetIC7_14 Pin=IC7-14
Added Pin To Net: NetName=NetIC7_15 Pin=IC7-15
Added Pin To Net: NetName=VCC Pin=IC7-16
Added Pin To Net: NetName=B15 Pin=IC8-1
Added Pin To Net: NetName=B14 Pin=IC8-2
Added Pin To Net: NetName=VCC Pin=IC8-3
Added Pin To Net: NetName=VCC Pin=IC8-4
Added Pin To Net: NetName=VCC Pin=IC8-5
Added Pin To Net: NetName=B13 Pin=IC8-6
Added Pin To Net: NetName=A9 Pin=IC8-7
Added Pin To Net: NetName=GND Pin=IC8-8
Added Pin To Net: NetName=NetIC8_9 Pin=IC8-9
Added Pin To Net: NetName=NetIC8_10 Pin=IC8-10
Added Pin To Net: NetName=NetIC8_11 Pin=IC8-11
Added Pin To Net: NetName=NetIC8_12 Pin=IC8-12
Added Pin To Net: NetName=NetIC8_13 Pin=IC8-13
Added Pin To Net: NetName=NetIC8_14 Pin=IC8-14
Added Pin To Net: NetName=NetIC8_15 Pin=IC8-15
Added Pin To Net: NetName=VCC Pin=IC8-16
