Added Component: Designator=IC1(ic74ls47)
Add component. Clean all parameters for all variants
Add component (AddParameter): Name = "Value"; Value = "7447 , 74247"; VariantName = "[No Variations]"
Added Component: Designator=IC9(ic74ls47)
Add component. Clean all parameters for all variants
Add component (AddParameter): Name = "Value"; Value = "7447 , 74247"; VariantName = "[No Variations]"
Added Pin To Net: NetName=B8 Pin=IC1-1
Added Pin To Net: NetName=B7 Pin=IC1-2
Added Pin To Net: NetName=VCC Pin=IC1-3
Added Pin To Net: NetName=VCC Pin=IC1-4
Added Pin To Net: NetName=VCC Pin=IC1-5
Added Pin To Net: NetName=B6 Pin=IC1-6
Added Pin To Net: NetName=B9 Pin=IC1-7
Added Pin To Net: NetName=GND Pin=IC1-8
Added Pin To Net: NetName=NetIC??_9 Pin=IC1-9
Added Pin To Net: NetName=NetIC??_10 Pin=IC1-10
Added Pin To Net: NetName=NetIC??_11 Pin=IC1-11
Added Pin To Net: NetName=NetIC??_12 Pin=IC1-12
Added Pin To Net: NetName=NetIC??_13 Pin=IC1-13
Added Pin To Net: NetName=NetIC??_14 Pin=IC1-14
Added Pin To Net: NetName=NetIC??_15 Pin=IC1-15
Added Pin To Net: NetName=VCC Pin=IC1-16
Change Net Name : Old Net Name=NetIC??_9 New Net Name=NetIC1_9
Change Net Name : Old Net Name=NetIC??_10 New Net Name=NetIC1_10
Change Net Name : Old Net Name=NetIC??_11 New Net Name=NetIC1_11
Change Net Name : Old Net Name=NetIC??_12 New Net Name=NetIC1_12
Change Net Name : Old Net Name=NetIC??_13 New Net Name=NetIC1_13
Change Net Name : Old Net Name=NetIC??_14 New Net Name=NetIC1_14
Change Net Name : Old Net Name=NetIC??_15 New Net Name=NetIC1_15
Added Member To Class: ClassName=Sheet1 Member=Component IC1 7447
Added Member To Class: ClassName=Sheet1 Member=Component IC9 7447
Added Room: Name=Sheet1
